Build started 2022-01-11 2:29:36 PM.
Logging verbosity is set to: Normal.     1>Project "C:\Users\imman\source\repos\RunGameEngine\Run\Application\Application.vcxproj" on node 2 (Build target(s)).
     1>C:\Program Files\Microsoft Visual Studio\2022\Community\MSBuild\Microsoft\VC\v170\Microsoft.CppBuild.targets(495,5): warning MSB8004: Intermediate Directory does not end with a trailing slash.  This build instance will add the slash as it is required to allow proper evaluation of the Intermediate Directory.
     1>C:\Program Files\Microsoft Visual Studio\2022\Community\MSBuild\Microsoft\VC\v170\Microsoft.CppBuild.targets(496,5): warning MSB8004: Output Directory does not end with a trailing slash.  This build instance will add the slash as it is required to allow proper evaluation of the Output Directory.
     1>InitializeBuildStatus:
         Creating "C:\Users\imman\source\repos\RunGameEngine\Run\bin-int\Debug-x64\Application\Application.tlog\unsuccessfulbuild" because "AlwaysCreate" was specified.
       ClCompile:
         All outputs are up-to-date.
       Link:
         All outputs are up-to-date.
         Application.vcxproj -> C:\Users\imman\source\repos\RunGameEngine\Run\bin\Debug-x64\Application\Application.exe
       FinalizeBuildStatus:
         Deleting file "C:\Users\imman\source\repos\RunGameEngine\Run\bin-int\Debug-x64\Application\Application.tlog\unsuccessfulbuild".
         Touching "C:\Users\imman\source\repos\RunGameEngine\Run\bin-int\Debug-x64\Application\Application.tlog\Application.lastbuildstate".
     1>Done Building Project "C:\Users\imman\source\repos\RunGameEngine\Run\Application\Application.vcxproj" (Build target(s)).

Build succeeded.

       "C:\Users\imman\source\repos\RunGameEngine\Run\Application\Application.vcxproj" (Build target) (1) ->
       (PrepareForBuild target) -> 
         C:\Program Files\Microsoft Visual Studio\2022\Community\MSBuild\Microsoft\VC\v170\Microsoft.CppBuild.targets(495,5): warning MSB8004: Intermediate Directory does not end with a trailing slash.  This build instance will add the slash as it is required to allow proper evaluation of the Intermediate Directory.


       "C:\Users\imman\source\repos\RunGameEngine\Run\Application\Application.vcxproj" (Build target) (1) ->
         C:\Program Files\Microsoft Visual Studio\2022\Community\MSBuild\Microsoft\VC\v170\Microsoft.CppBuild.targets(496,5): warning MSB8004: Output Directory does not end with a trailing slash.  This build instance will add the slash as it is required to allow proper evaluation of the Output Directory.

    2 Warning(s)
    0 Error(s)

Time Elapsed 00:00:00.04
