c:\users\imman\source\repos\rungameengine\run\bin-int\debug-x64\application\vc143.pdb
c:\users\imman\source\repos\rungameengine\run\bin-int\debug-x64\application\vc143.idb
c:\users\imman\source\repos\rungameengine\run\bin-int\debug-x64\application\application.obj
c:\users\imman\source\repos\rungameengine\run\bin\debug-x64\application\application.pdb
c:\users\imman\source\repos\rungameengine\run\bin-int\debug-x64\application\application.vcxproj.filelistabsolute.txt
c:\users\imman\source\repos\rungameengine\run\bin-int\debug-x64\application\application.tlog\cl.command.1.tlog
c:\users\imman\source\repos\rungameengine\run\bin-int\debug-x64\application\application.tlog\cl.read.1.tlog
c:\users\imman\source\repos\rungameengine\run\bin-int\debug-x64\application\application.tlog\cl.write.1.tlog
c:\users\imman\source\repos\rungameengine\run\bin-int\debug-x64\application\application.tlog\link-cvtres.read.1.tlog
c:\users\imman\source\repos\rungameengine\run\bin-int\debug-x64\application\application.tlog\link-cvtres.write.1.tlog
c:\users\imman\source\repos\rungameengine\run\bin-int\debug-x64\application\application.tlog\link-rc.read.1.tlog
c:\users\imman\source\repos\rungameengine\run\bin-int\debug-x64\application\application.tlog\link-rc.write.1.tlog
c:\users\imman\source\repos\rungameengine\run\bin-int\debug-x64\application\application.tlog\link.14816-cvtres.read.1.tlog
c:\users\imman\source\repos\rungameengine\run\bin-int\debug-x64\application\application.tlog\link.14816-cvtres.write.1.tlog
c:\users\imman\source\repos\rungameengine\run\bin-int\debug-x64\application\application.tlog\link.14816-rc.read.1.tlog
c:\users\imman\source\repos\rungameengine\run\bin-int\debug-x64\application\application.tlog\link.14816-rc.write.1.tlog
c:\users\imman\source\repos\rungameengine\run\bin-int\debug-x64\application\application.tlog\link.14816.read.1.tlog
c:\users\imman\source\repos\rungameengine\run\bin-int\debug-x64\application\application.tlog\link.14816.read.2.tlog
c:\users\imman\source\repos\rungameengine\run\bin-int\debug-x64\application\application.tlog\link.14816.write.1.tlog
c:\users\imman\source\repos\rungameengine\run\bin-int\debug-x64\application\application.tlog\link.command.1.tlog
c:\users\imman\source\repos\rungameengine\run\bin-int\debug-x64\application\application.tlog\link.read.1.tlog
c:\users\imman\source\repos\rungameengine\run\bin-int\debug-x64\application\application.tlog\link.read.2.tlog
c:\users\imman\source\repos\rungameengine\run\bin-int\debug-x64\application\application.tlog\link.write.1.tlog
