c:\dev\rungameengine\run\bin-int\debug-x64\imgui\vc143.pdb
c:\dev\rungameengine\run\bin-int\debug-x64\imgui\vc143.idb
c:\dev\rungameengine\run\bin-int\debug-x64\imgui\imgui_widgets.obj
c:\dev\rungameengine\run\bin-int\debug-x64\imgui\imgui_tables.obj
c:\dev\rungameengine\run\bin-int\debug-x64\imgui\imgui_impl_opengl3.obj
c:\dev\rungameengine\run\bin-int\debug-x64\imgui\imgui_impl_glfw.obj
c:\dev\rungameengine\run\bin-int\debug-x64\imgui\imgui_draw.obj
c:\dev\rungameengine\run\bin-int\debug-x64\imgui\imgui.obj
c:\dev\rungameengine\run\bin\debug-x64\imgui\imgui.dll
c:\dev\rungameengine\run\bin-int\debug-x64\imgui\imgui.ilk
c:\dev\rungameengine\run\bin\debug-x64\imgui\imgui.pdb
c:\dev\rungameengine\run\bin-int\debug-x64\imgui\imgui.vcxproj.filelistabsolute.txt
c:\dev\rungameengine\run\bin-int\debug-x64\imgui\imgui.tlog\cl.command.1.tlog
c:\dev\rungameengine\run\bin-int\debug-x64\imgui\imgui.tlog\cl.read.1.tlog
c:\dev\rungameengine\run\bin-int\debug-x64\imgui\imgui.tlog\cl.write.1.tlog
c:\dev\rungameengine\run\bin-int\debug-x64\imgui\imgui.tlog\lib-link.read.1.tlog
c:\dev\rungameengine\run\bin-int\debug-x64\imgui\imgui.tlog\lib-link.write.1.tlog
c:\dev\rungameengine\run\bin-int\debug-x64\imgui\imgui.tlog\lib.command.1.tlog
c:\dev\rungameengine\run\bin-int\debug-x64\imgui\imgui.tlog\link.command.1.tlog
c:\dev\rungameengine\run\bin-int\debug-x64\imgui\imgui.tlog\link.read.1.tlog
c:\dev\rungameengine\run\bin-int\debug-x64\imgui\imgui.tlog\link.write.1.tlog
