c:\users\imman\source\repos\rungameengine\run\bin\release-x64\rungameengine\rungameengine.pdb
c:\users\imman\source\repos\rungameengine\run\bin-int\release-x64\rungameengine\soundmanager.obj
c:\users\imman\source\repos\rungameengine\run\bin-int\release-x64\rungameengine\shader.obj
c:\users\imman\source\repos\rungameengine\run\bin-int\release-x64\rungameengine\window.obj
c:\users\imman\source\repos\rungameengine\run\bin-int\release-x64\rungameengine\texture.obj
c:\users\imman\source\repos\rungameengine\run\bin-int\release-x64\rungameengine\shape.obj
c:\users\imman\source\repos\rungameengine\run\bin-int\release-x64\rungameengine\input.obj
c:\users\imman\source\repos\rungameengine\run\bin-int\release-x64\rungameengine\renderer.obj
c:\users\imman\source\repos\rungameengine\run\bin-int\release-x64\rungameengine\loadfile.obj
c:\users\imman\source\repos\rungameengine\run\bin-int\release-x64\rungameengine\camera.obj
c:\users\imman\source\repos\rungameengine\run\bin-int\release-x64\rungameengine\application.obj
c:\users\imman\source\repos\rungameengine\run\bin-int\release-x64\rungameengine\glad.obj
c:\users\imman\source\repos\rungameengine\run\bin\release-x64\rungameengine\rungameengine.lib
c:\users\imman\source\repos\rungameengine\run\bin-int\release-x64\rungameengine\rungameengine.vcxproj.filelistabsolute.txt
c:\users\imman\source\repos\rungameengine\run\bin-int\release-x64\rungameengine\rungameengine.tlog\cl.command.1.tlog
c:\users\imman\source\repos\rungameengine\run\bin-int\release-x64\rungameengine\rungameengine.tlog\cl.read.1.tlog
c:\users\imman\source\repos\rungameengine\run\bin-int\release-x64\rungameengine\rungameengine.tlog\cl.write.1.tlog
c:\users\imman\source\repos\rungameengine\run\bin-int\release-x64\rungameengine\rungameengine.tlog\lib-link.read.1.tlog
c:\users\imman\source\repos\rungameengine\run\bin-int\release-x64\rungameengine\rungameengine.tlog\lib-link.write.1.tlog
c:\users\imman\source\repos\rungameengine\run\bin-int\release-x64\rungameengine\rungameengine.tlog\lib.command.1.tlog
